<?xml version="1.1" encoding="UTF-8"?>
<testsuite name="com.commercehub.dropwizard.authentication.AdCredentialsTest" tests="4" failures="0" errors="0" timestamp="2014-09-08T13:33:19" hostname="mac-bs-gh.nexus.commercehub.com" time="0.029">
  <properties/>
  <testcase name="legacyQualifiedUsername" classname="com.commercehub.dropwizard.authentication.AdCredentialsTest" time="0.015"/>
  <testcase name="basicCredConversion" classname="com.commercehub.dropwizard.authentication.AdCredentialsTest" time="0.013"/>
  <testcase name="commonBareUsername" classname="com.commercehub.dropwizard.authentication.AdCredentialsTest" time="0.0"/>
  <testcase name="modernQualifiedUsername" classname="com.commercehub.dropwizard.authentication.AdCredentialsTest" time="0.0"/>
  <system-out><![CDATA[]]></system-out>
  <system-err><![CDATA[]]></system-err>
</testsuite>
