<?xml version="1.1" encoding="UTF-8"?>
<testsuite name="com.commercehub.dropwizard.authentication.AdConfigurationTest" tests="1" failures="0" errors="0" timestamp="2014-09-08T13:33:19" hostname="mac-bs-gh.nexus.commercehub.com" time="0.102">
  <properties/>
  <testcase name="checkTimeouts" classname="com.commercehub.dropwizard.authentication.AdConfigurationTest" time="0.102"/>
  <system-out><![CDATA[]]></system-out>
  <system-err><![CDATA[]]></system-err>
</testsuite>
